[16:38:57] [ServerMain/INFO]: Environment: Environment[sessionHost=https://sessionserver.mojang.com, servicesHost=https://api.minecraftservices.com, name=PROD]
[16:38:58] [ServerMain/INFO]: No existing world data, creating new world
[16:39:00] [ServerMain/INFO]: Loaded 1337 recipes
[16:39:00] [ServerMain/INFO]: Loaded 1448 advancements
[16:39:00] [Server thread/INFO]: Starting minecraft server version 1.21.3
[16:39:00] [Server thread/INFO]: Loading properties
[16:39:00] [Server thread/INFO]: Default game type: SURVIVAL
[16:39:00] [Server thread/INFO]: Generating keypair
[16:39:00] [Server thread/INFO]: Starting Minecraft server on *:25565
[16:39:00] [Server thread/INFO]: Using epoll channel type
[16:39:00] [Server thread/WARN]: **** SERVER IS RUNNING IN OFFLINE/INSECURE MODE!
[16:39:00] [Server thread/WARN]: The server will make no attempt to authenticate usernames. Beware.
[16:39:00] [Server thread/WARN]: While this makes the game possible to play without internet access, it also opens up the ability for hackers to connect with any username they choose.
[16:39:00] [Server thread/WARN]: To change this, set "online-mode" to "true" in the server.properties file.
[16:39:00] [Server thread/INFO]: Preparing level "world"
[16:39:12] [Server thread/INFO]: Preparing start region for dimension minecraft:overworld
[16:39:12] [Worker-Main-2/INFO]: Preparing spawn area: 2%
[16:39:13] [Worker-Main-2/INFO]: Preparing spawn area: 2%
[16:39:13] [Worker-Main-2/INFO]: Preparing spawn area: 2%
[16:39:14] [Worker-Main-2/INFO]: Preparing spawn area: 2%
[16:39:14] [Worker-Main-2/INFO]: Preparing spawn area: 2%
[16:39:15] [Worker-Main-2/INFO]: Preparing spawn area: 2%
[16:39:15] [Worker-Main-2/INFO]: Preparing spawn area: 2%
[16:39:16] [Worker-Main-2/INFO]: Preparing spawn area: 2%
[16:39:17] [Worker-Main-2/INFO]: Preparing spawn area: 2%
[16:39:17] [Worker-Main-2/INFO]: Preparing spawn area: 2%
[16:39:17] [Worker-Main-2/INFO]: Preparing spawn area: 2%
[16:39:18] [Worker-Main-2/INFO]: Preparing spawn area: 2%
[16:39:18] [Worker-Main-2/INFO]: Preparing spawn area: 2%
[16:39:19] [Worker-Main-2/INFO]: Preparing spawn area: 2%
[16:39:19] [Worker-Main-2/INFO]: Preparing spawn area: 51%
[16:39:20] [Worker-Main-2/INFO]: Preparing spawn area: 51%
[16:39:20] [Worker-Main-2/INFO]: Preparing spawn area: 51%
[16:39:21] [Worker-Main-2/INFO]: Preparing spawn area: 51%
[16:39:21] [Worker-Main-2/INFO]: Preparing spawn area: 51%
[16:39:22] [Worker-Main-2/INFO]: Preparing spawn area: 55%
[16:39:22] [Server thread/INFO]: Time elapsed: 9890 ms
[16:39:22] [Server thread/INFO]: Done (21.746s)! For help, type "help"
[16:39:31] [Server thread/INFO]: Cripi583[/127.119.46.18:58425] logged in with entity id 39 at (-0.5, 79.0, -1.5)
[16:39:31] [Server thread/INFO]: Cripi583 joined the game
[16:39:43] [Server thread/INFO]: Enchant3DYT[/127.205.123.192:57547] logged in with entity id 215 at (-3.5, 75.0, -4.5)
[16:39:43] [Server thread/INFO]: Enchant3DYT joined the game
[16:40:44] [Server thread/INFO]: ivancio[/127.119.62.93:34559] logged in with entity id 817 at (8.5, 80.0, -7.5)
[16:40:44] [Server thread/INFO]: ivancio joined the game
[16:40:46] [Server thread/INFO]: Cristian_14987[/127.63.237.54:40639] logged in with entity id 831 at (9.5, 80.0, -8.5)
[16:40:46] [Server thread/INFO]: Cristian_14987 joined the game
[16:40:54] [Server thread/INFO]: Kirbyyyy[/127.9.228.3:51351] logged in with entity id 908 at (-3.5, 77.0, -0.5)
[16:40:54] [Server thread/INFO]: Kirbyyyy joined the game
[16:41:40] [Server thread/INFO]: Unknown or incomplete command, see below for error
[16:41:40] [Server thread/INFO]: Epezamos <--[HERE]
[16:41:57] [Server thread/INFO]: Seed: [821153882745577917]
[16:42:00] [Server thread/INFO]: Enchant3DYT has made the advancement [Stone Age]
[16:42:30] [Server thread/INFO]: Enchant3DYT has made the advancement [Getting an Upgrade]
[16:42:48] [Server thread/INFO]: Cristian_14987 has made the advancement [Stone Age]
[16:42:57] [Server thread/INFO]: Cristian_14987 has made the advancement [Getting an Upgrade]
[16:43:36] [Server thread/INFO]: ivancio has made the advancement [Stone Age]
[16:43:50] [Server thread/INFO]: ivancio has made the advancement [Getting an Upgrade]
[16:44:46] [Server thread/INFO]: Enchant3DYT has made the advancement [Acquire Hardware]
[16:45:11] [Server thread/INFO]: Enchant3DYT has made the advancement [Isn't It Iron Pick]
[16:45:38] [Server thread/INFO]: Cripi583 has made the advancement [Stone Age]
[16:46:07] [Server thread/INFO]: Cripi583 has made the advancement [Getting an Upgrade]
[16:46:43] [Server thread/INFO]: Kirbyyyy has made the advancement [Stone Age]
[16:47:12] [Server thread/INFO]: Cripi583 has made the advancement [Acquire Hardware]
